# JRE version: OpenJDK Runtime Environment (11.0.13) (build 11.0.13+0-b1751.21-8125866)
# Java VM: OpenJDK 64-Bit Server VM (11.0.13+0-b1751.21-8125866, mixed mode, tiered, compressed oops, g1 gc, windows-amd64)
Heap:
 garbage-first heap   total 563200K, used 188566K [0x0000000080000000, 0x0000000100000000)
  region size 1024K, 8 young (8192K), 8 survivors (8192K)
 Metaspace       used 106862K, capacity 109905K, committed 110160K, reserved 1144832K
  class space    used 13774K, capacity 14960K, committed 15008K, reserved 1048576K
GC Heap History (20 events):
Event: 53.216 GC heap after
{Heap after GC invocations=57 (full 0):
 garbage-first heap   total 184320K, used 115781K [0x0000000080000000, 0x0000000100000000)
  region size 1024K, 7 young (7168K), 7 survivors (7168K)
 Metaspace       used 100259K, capacity 102852K, committed 102992K, reserved 1138688K
  class space    used 12948K, capacity 13941K, committed 13984K, reserved 1048576K
}
Event: 53.229 GC heap before
{Heap before GC invocations=57 (full 0):
 garbage-first heap   total 184320K, used 116805K [0x0000000080000000, 0x0000000100000000)
  region size 1024K, 9 young (9216K), 7 survivors (7168K)
 Metaspace       used 100281K, capacity 102919K, committed 102992K, reserved 1138688K
  class space    used 12956K, capacity 13942K, committed 13984K, reserved 1048576K
}
Event: 53.237 GC heap after
{Heap after GC invocations=58 (full 0):
 garbage-first heap   total 225280K, used 111955K [0x0000000080000000, 0x0000000100000000)
  region size 1024K, 1 young (1024K), 1 survivors (1024K)
 Metaspace       used 100281K, capacity 102919K, committed 102992K, reserved 1138688K
  class space    used 12956K, capacity 13942K, committed 13984K, reserved 1048576K
}
Event: 54.111 GC heap before
{Heap before GC invocations=58 (full 0):
 garbage-first heap   total 225280K, used 168275K [0x0000000080000000, 0x0000000100000000)
  region size 1024K, 56 young (57344K), 1 survivors (1024K)
 Metaspace       used 101660K, capacity 104291K, committed 104528K, reserved 1140736K
  class space    used 13161K, capacity 14184K, committed 14240K, reserved 1048576K
}
Event: 54.147 GC heap after
{Heap after GC invocations=59 (full 0):
 garbage-first heap   total 225280K, used 122189K [0x0000000080000000, 0x0000000100000000)
  region size 1024K, 7 young (7168K), 7 survivors (7168K)
 Metaspace       used 101660K, capacity 104291K, committed 104528K, reserved 1140736K
  class space    used 13161K, capacity 14184K, committed 14240K, reserved 1048576K
}
Event: 54.944 GC heap before
{Heap before GC invocations=60 (full 0):
 garbage-first heap   total 225280K, used 173389K [0x0000000080000000, 0x0000000100000000)
  region size 1024K, 58 young (59392K), 7 survivors (7168K)
 Metaspace       used 102441K, capacity 105102K, committed 105168K, reserved 1140736K
  class space    used 13295K, capacity 14326K, committed 14368K, reserved 1048576K
}
Event: 54.974 GC heap after
{Heap after GC invocations=61 (full 0):
 garbage-first heap   total 225280K, used 128578K [0x0000000080000000, 0x0000000100000000)
  region size 1024K, 8 young (8192K), 8 survivors (8192K)
 Metaspace       used 102441K, capacity 105102K, committed 105168K, reserved 1140736K
  class space    used 13295K, capacity 14326K, committed 14368K, reserved 1048576K
}
Event: 55.271 GC heap before
{Heap before GC invocations=61 (full 0):
 garbage-first heap   total 225280K, used 178754K [0x0000000080000000, 0x0000000100000000)
  region size 1024K, 57 young (58368K), 8 survivors (8192K)
 Metaspace       used 102924K, capacity 105662K, committed 105808K, reserved 1140736K
  class space    used 13368K, capacity 14428K, committed 14496K, reserved 1048576K
}
Event: 55.309 GC heap after
{Heap after GC invocations=62 (full 0):
 garbage-first heap   total 225280K, used 137935K [0x0000000080000000, 0x0000000100000000)
  region size 1024K, 8 young (8192K), 8 survivors (8192K)
 Metaspace       used 102924K, capacity 105662K, committed 105808K, reserved 1140736K
  class space    used 13368K, capacity 14428K, committed 14496K, reserved 1048576K
}
Event: 56.125 GC heap before
{Heap before GC invocations=62 (full 0):
 garbage-first heap   total 225280K, used 181967K [0x0000000080000000, 0x0000000100000000)
  region size 1024K, 52 young (53248K), 8 survivors (8192K)
 Metaspace       used 103531K, capacity 106345K, committed 106704K, reserved 1140736K
  class space    used 13425K, capacity 14500K, committed 14624K, reserved 1048576K
}
Event: 56.150 GC heap after
{Heap after GC invocations=63 (full 0):
 garbage-first heap   total 225280K, used 144569K [0x0000000080000000, 0x0000000100000000)
  region size 1024K, 7 young (7168K), 7 survivors (7168K)
 Metaspace       used 103531K, capacity 106345K, committed 106704K, reserved 1140736K
  class space    used 13425K, capacity 14500K, committed 14624K, reserved 1048576K
}
Event: 56.619 GC heap before
{Heap before GC invocations=64 (full 0):
 garbage-first heap   total 225280K, used 183481K [0x0000000080000000, 0x0000000100000000)
  region size 1024K, 47 young (48128K), 7 survivors (7168K)
 Metaspace       used 104186K, capacity 106995K, committed 107216K, reserved 1142784K
  class space    used 13497K, capacity 14582K, committed 14624K, reserved 1048576K
}
Event: 56.661 GC heap after
{Heap after GC invocations=65 (full 0):
 garbage-first heap   total 335872K, used 150192K [0x0000000080000000, 0x0000000100000000)
  region size 1024K, 6 young (6144K), 6 survivors (6144K)
 Metaspace       used 104186K, capacity 106995K, committed 107216K, reserved 1142784K
  class space    used 13497K, capacity 14582K, committed 14624K, reserved 1048576K
}
Event: 57.795 GC heap before
{Heap before GC invocations=65 (full 0):
 garbage-first heap   total 335872K, used 235184K [0x0000000080000000, 0x0000000100000000)
  region size 1024K, 89 young (91136K), 6 survivors (6144K)
 Metaspace       used 105380K, capacity 108237K, committed 108496K, reserved 1142784K
  class space    used 13650K, capacity 14754K, committed 14880K, reserved 1048576K
}
Event: 57.833 GC heap after
{Heap after GC invocations=66 (full 0):
 garbage-first heap   total 335872K, used 161218K [0x0000000080000000, 0x0000000100000000)
  region size 1024K, 12 young (12288K), 12 survivors (12288K)
 Metaspace       used 105380K, capacity 108237K, committed 108496K, reserved 1142784K
  class space    used 13650K, capacity 14754K, committed 14880K, reserved 1048576K
}
Event: 59.215 GC heap before
{Heap before GC invocations=66 (full 0):
 garbage-first heap   total 335872K, used 247234K [0x0000000080000000, 0x0000000100000000)
  region size 1024K, 96 young (98304K), 12 survivors (12288K)
 Metaspace       used 106166K, capacity 109075K, committed 109264K, reserved 1144832K
  class space    used 13681K, capacity 14811K, committed 14880K, reserved 1048576K
}
Event: 59.265 GC heap after
{Heap after GC invocations=67 (full 0):
 garbage-first heap   total 335872K, used 172102K [0x0000000080000000, 0x0000000100000000)
  region size 1024K, 11 young (11264K), 11 survivors (11264K)
 Metaspace       used 106166K, capacity 109075K, committed 109264K, reserved 1144832K
  class space    used 13681K, capacity 14811K, committed 14880K, reserved 1048576K
}
Event: 59.805 GC heap before
{Heap before GC invocations=67 (full 0):
 garbage-first heap   total 335872K, used 255046K [0x0000000080000000, 0x0000000100000000)
  region size 1024K, 93 young (95232K), 11 survivors (11264K)
 Metaspace       used 106474K, capacity 109477K, committed 109648K, reserved 1144832K
  class space    used 13756K, capacity 14928K, committed 15008K, reserved 1048576K
}
Event: 59.871 GC heap after
{Heap after GC invocations=68 (full 0):
 garbage-first heap   total 335872K, used 182482K [0x0000000080000000, 0x0000000100000000)
  region size 1024K, 11 young (11264K), 11 survivors (11264K)
 Metaspace       used 106474K, capacity 109477K, committed 109648K, reserved 1144832K
  class space    used 13756K, capacity 14928K, committed 15008K, reserved 1048576K
}
Event: 61.880 GC heap before
{Heap before GC invocations=69 (full 0):
 garbage-first heap   total 335872K, used 262354K [0x0000000080000000, 0x0000000100000000)
  region size 1024K, 89 young (91136K), 11 survivors (11264K)
 Metaspace       used 106862K, capacity 109905K, committed 110160K, reserved 1144832K
  class space    used 13774K, capacity 14960K, committed 15008K, reserved 1048576K
}

